[0.017s] Invoking command in '/home/hac/ros2_ws/src/beginner_tutorials/src/build/ros2_cpp_pubsub': /usr/bin/cmake /home/hac/ros2_ws/src/beginner_tutorials/src/ros2_cpp_pubsub -DCMAKE_INSTALL_PREFIX=/home/hac/ros2_ws/src/beginner_tutorials/src/install/ros2_cpp_pubsub
[0.087s] -- The C compiler identification is GNU 11.4.0
[0.187s] -- The CXX compiler identification is GNU 11.4.0
[0.197s] -- Detecting C compiler ABI info
[0.304s] -- Detecting C compiler ABI info - done
[0.319s] -- Check for working C compiler: /usr/bin/cc - skipped
[0.320s] -- Detecting C compile features
[0.321s] -- Detecting C compile features - done
[0.327s] -- Detecting CXX compiler ABI info
[0.458s] -- Detecting CXX compiler ABI info - done
[0.476s] -- Check for working CXX compiler: /usr/bin/c++ - skipped
[0.477s] -- Detecting CXX compile features
[0.478s] -- Detecting CXX compile features - done
[0.498s] [31mCMake Error at CMakeLists.txt:9 (find_package):
[0.498s]   By not providing "Findament_cmake.cmake" in CMAKE_MODULE_PATH this project
[0.498s]   has asked CMake to find a package configuration file provided by
[0.498s]   "ament_cmake", but CMake did not find one.
[0.498s] 
[0.498s]   Could not find a package configuration file provided by "ament_cmake" with
[0.498s]   any of the following names:
[0.498s] 
[0.498s]     ament_cmakeConfig.cmake
[0.498s]     ament_cmake-config.cmake
[0.498s] 
[0.498s]   Add the installation prefix of "ament_cmake" to CMAKE_PREFIX_PATH or set
[0.498s]   "ament_cmake_DIR" to a directory containing one of the above files.  If
[0.498s]   "ament_cmake" provides a separate development package or SDK, be sure it
[0.498s]   has been installed.
[0.499s] 
[0.499s] [0m
[0.499s] -- Configuring incomplete, errors occurred!
[0.499s] See also "/home/hac/ros2_ws/src/beginner_tutorials/src/build/ros2_cpp_pubsub/CMakeFiles/CMakeOutput.log".
[0.501s] Invoked command in '/home/hac/ros2_ws/src/beginner_tutorials/src/build/ros2_cpp_pubsub' returned '1': /usr/bin/cmake /home/hac/ros2_ws/src/beginner_tutorials/src/ros2_cpp_pubsub -DCMAKE_INSTALL_PREFIX=/home/hac/ros2_ws/src/beginner_tutorials/src/install/ros2_cpp_pubsub
